<?xml version="1.0" encoding="UTF-8"?>
<testng-results ignored="0" total="8" passed="8" failed="0" skipped="0">
  <reporter-output>
  </reporter-output>
  <suite started-at="2024-01-13T23:43:09 IST" name="Default suite" finished-at="2024-01-13T23:43:11 IST" duration-ms="1849">
    <groups>
    </groups>
    <test started-at="2024-01-13T23:43:09 IST" name="Default test" finished-at="2024-01-13T23:43:11 IST" duration-ms="1849">
      <class name="testProject2.IndexPageTest">
        <test-method is-config="true" signature="setUp()[pri:0, instance:testProject2.IndexPageTest@4efac082]" started-at="2024-01-13T23:43:09 IST" name="setUp" finished-at="2024-01-13T23:43:11 IST" duration-ms="1362" status="PASS">
          <reporter-output>
          </reporter-output>
        </test-method> <!-- setUp -->
        <test-method signature="testButtonNavigation()[pri:0, instance:testProject2.IndexPageTest@4efac082]" started-at="2024-01-13T23:43:11 IST" name="testButtonNavigation" finished-at="2024-01-13T23:43:11 IST" duration-ms="80" status="PASS">
          <reporter-output>
          </reporter-output>
        </test-method> <!-- testButtonNavigation -->
        <test-method signature="testCheckboxSelection()[pri:0, instance:testProject2.IndexPageTest@4efac082]" started-at="2024-01-13T23:43:11 IST" name="testCheckboxSelection" finished-at="2024-01-13T23:43:11 IST" duration-ms="76" status="PASS">
          <reporter-output>
          </reporter-output>
        </test-method> <!-- testCheckboxSelection -->
        <test-method signature="testDropdownSelection()[pri:0, instance:testProject2.IndexPageTest@4efac082]" started-at="2024-01-13T23:43:11 IST" name="testDropdownSelection" finished-at="2024-01-13T23:43:11 IST" duration-ms="89" status="PASS">
          <reporter-output>
          </reporter-output>
        </test-method> <!-- testDropdownSelection -->
        <test-method signature="testGetAllLinks()[pri:0, instance:testProject2.IndexPageTest@4efac082]" started-at="2024-01-13T23:43:11 IST" name="testGetAllLinks" finished-at="2024-01-13T23:43:11 IST" duration-ms="19" status="PASS">
          <reporter-output>
          </reporter-output>
        </test-method> <!-- testGetAllLinks -->
        <test-method signature="testLinkNavigation()[pri:0, instance:testProject2.IndexPageTest@4efac082]" started-at="2024-01-13T23:43:11 IST" name="testLinkNavigation" finished-at="2024-01-13T23:43:11 IST" duration-ms="102" status="PASS">
          <reporter-output>
          </reporter-output>
        </test-method> <!-- testLinkNavigation -->
        <test-method signature="testNavigateBack()[pri:0, instance:testProject2.IndexPageTest@4efac082]" started-at="2024-01-13T23:43:11 IST" name="testNavigateBack" finished-at="2024-01-13T23:43:11 IST" duration-ms="22" status="PASS">
          <reporter-output>
          </reporter-output>
        </test-method> <!-- testNavigateBack -->
        <test-method signature="testRadioButtonSelection()[pri:0, instance:testProject2.IndexPageTest@4efac082]" started-at="2024-01-13T23:43:11 IST" name="testRadioButtonSelection" finished-at="2024-01-13T23:43:11 IST" duration-ms="52" status="PASS">
          <reporter-output>
          </reporter-output>
        </test-method> <!-- testRadioButtonSelection -->
        <test-method signature="testTableVerification()[pri:0, instance:testProject2.IndexPageTest@4efac082]" started-at="2024-01-13T23:43:11 IST" name="testTableVerification" finished-at="2024-01-13T23:43:11 IST" duration-ms="12" status="PASS">
          <reporter-output>
          </reporter-output>
        </test-method> <!-- testTableVerification -->
        <test-method is-config="true" signature="tearDown()[pri:0, instance:testProject2.IndexPageTest@4efac082]" started-at="2024-01-13T23:43:11 IST" name="tearDown" finished-at="2024-01-13T23:43:11 IST" duration-ms="0" status="PASS">
          <reporter-output>
          </reporter-output>
        </test-method> <!-- tearDown -->
      </class> <!-- testProject2.IndexPageTest -->
    </test> <!-- Default test -->
  </suite> <!-- Default suite -->
</testng-results>
