<?xml version="1.0" encoding="UTF-8"?>
<!-- Generated by org.testng.reporters.JUnitXMLReporter -->
<testsuite ignored="0" hostname="dac37" failures="0" tests="8" name="Default test" time="1.849" errors="0" timestamp="2024-01-13T23:43:11 IST">
  <testcase classname="testProject2.IndexPageTest" name="testButtonNavigation" time="0.08"/>
  <testcase classname="testProject2.IndexPageTest" name="testCheckboxSelection" time="0.076"/>
  <testcase classname="testProject2.IndexPageTest" name="testDropdownSelection" time="0.089"/>
  <testcase classname="testProject2.IndexPageTest" name="testGetAllLinks" time="0.019"/>
  <testcase classname="testProject2.IndexPageTest" name="testLinkNavigation" time="0.102"/>
  <testcase classname="testProject2.IndexPageTest" name="testNavigateBack" time="0.022"/>
  <testcase classname="testProject2.IndexPageTest" name="testRadioButtonSelection" time="0.052"/>
  <testcase classname="testProject2.IndexPageTest" name="testTableVerification" time="0.012"/>
</testsuite> <!-- Default test -->
